<?xml version="1.0" encoding="UTF-8"?>
<!-- Generated by org.testng.reporters.JUnitReportReporter -->
<testsuite skipped="0" hostname="PrashantOjha-PC" name="com.crm.qa.testdata.LoginPageTest" tests="3" failures="0" timestamp="18 Dec 2018 21:10:48 GMT" time="51.653" errors="0">
  <testcase name="loginPageTitle" time="13.784" classname="com.crm.qa.testdata.LoginPageTest"/>
  <testcase name="validateCRMLogo" time="10.576" classname="com.crm.qa.testdata.LoginPageTest"/>
  <testcase name="loginTest" time="27.293" classname="com.crm.qa.testdata.LoginPageTest"/>
</testsuite> <!-- com.crm.qa.testdata.LoginPageTest -->
