<?xml version="1.0" encoding="UTF-8"?>
<!-- Generated by org.testng.reporters.JUnitReportReporter -->
<testsuite hostname="PrashantOjha-PC" failures="0" tests="3" name="com.crm.qa.testcases.LoginPageTest" time="55.826" errors="0" timestamp="26 Jan 2019 19:56:28 GMT" skipped="0">
  <testcase classname="com.crm.qa.testcases.LoginPageTest" name="loginPageTitle" time="12.697"/>
  <testcase classname="com.crm.qa.testcases.LoginPageTest" name="validateCRMLogo" time="13.735"/>
  <testcase classname="com.crm.qa.testcases.LoginPageTest" name="loginTest" time="29.394"/>
</testsuite> <!-- com.crm.qa.testcases.LoginPageTest -->
