<?xml version="1.0" encoding="UTF-8"?>
<!-- Generated by org.testng.reporters.JUnitReportReporter -->
<testsuite hostname="PrashantOjha-PC" failures="0" tests="3" name="com.crm.qa.testcases.HomePageTest" time="94.143" errors="0" timestamp="26 Jan 2019 19:56:28 GMT" skipped="0">
  <testcase classname="com.crm.qa.testcases.HomePageTest" name="verifyHomePageTitle" time="30.342"/>
  <testcase classname="com.crm.qa.testcases.HomePageTest" name="verifyusernameTest" time="31.229"/>
  <testcase classname="com.crm.qa.testcases.HomePageTest" name="clickContactsButton" time="32.572"/>
</testsuite> <!-- com.crm.qa.testcases.HomePageTest -->
